<?xml version="1.0" encoding="UTF-8"?>
<!-- Generated by org.testng.reporters.JUnitReportReporter -->
<testsuite hostname="DESKTOP-OCFGK81" name="SDETPROJECT26.SDETTY.DemoTest" tests="1" failures="0" timestamp="10 Dec 2021 12:14:50 GMT" time="0.008" errors="0">
  <testcase name="read" time="0.008" classname="SDETPROJECT26.SDETTY.DemoTest"/>
</testsuite> <!-- SDETPROJECT26.SDETTY.DemoTest -->
